<?xml version="1.0" encoding="UTF-8"?>
<!-- Generated by org.testng.reporters.JUnitXMLReporter -->
<testsuite ignored="0" hostname="Archana-PC" failures="0" tests="3" name="Test" time="110.473" errors="0" timestamp="2022-12-28T11:14:13 IST">
  <testcase classname="com.cicdcheck.cicdcheck.AppTest" name="Test1" time="10.748"/>
  <testcase classname="com.cicdcheck.cicdcheck.AppTest" name="Test2" time="16.895"/>
  <testcase classname="com.cicdcheck.cicdcheck.AppTest" name="Test3" time="5.669"/>
</testsuite> <!-- Test -->
