<?xml version="1.0" encoding="UTF-8"?>
<!-- Generated by org.testng.reporters.JUnitXMLReporter -->
<testsuite ignored="0" hostname="Archana-PC" failures="0" tests="3" name="Test" time="96.454" errors="0" timestamp="2022-12-28T04:51:14 IST">
  <testcase classname="com.cicdcheck.cicdcheck.AppTest" name="Test1" time="13.408"/>
  <testcase classname="com.cicdcheck.cicdcheck.AppTest" name="Test2" time="9.58"/>
  <testcase classname="com.cicdcheck.cicdcheck.AppTest" name="Test3" time="11.918"/>
</testsuite> <!-- Test -->
