<?xml version="1.0" encoding="UTF-8"?>
<testng-results ignored="0" total="3" passed="3" failed="0" skipped="0">
  <reporter-output>
  </reporter-output>
  <suite started-at="2022-12-28T04:49:38 IST" name="Suite" finished-at="2022-12-28T04:51:14 IST" duration-ms="96454">
    <groups>
    </groups>
    <test started-at="2022-12-28T04:49:38 IST" name="Test" finished-at="2022-12-28T04:51:14 IST" duration-ms="96454">
      <class name="com.cicdcheck.cicdcheck.AppTest">
        <test-method is-config="true" signature="launchDriver()[pri:0, instance:com.cicdcheck.cicdcheck.AppTest@f78a47e]" started-at="2022-12-28T04:49:38 IST" name="launchDriver" finished-at="2022-12-28T04:50:22 IST" duration-ms="44071" status="PASS">
          <reporter-output>
          </reporter-output>
        </test-method> <!-- launchDriver -->
        <test-method signature="Test1()[pri:0, instance:com.cicdcheck.cicdcheck.AppTest@f78a47e]" started-at="2022-12-28T04:50:22 IST" name="Test1" finished-at="2022-12-28T04:50:35 IST" duration-ms="13408" status="PASS">
          <reporter-output>
          </reporter-output>
        </test-method> <!-- Test1 -->
        <test-method is-config="true" signature="quit()[pri:0, instance:com.cicdcheck.cicdcheck.AppTest@f78a47e]" started-at="2022-12-28T04:50:35 IST" name="quit" finished-at="2022-12-28T04:50:36 IST" duration-ms="838" status="PASS">
          <reporter-output>
          </reporter-output>
        </test-method> <!-- quit -->
        <test-method is-config="true" signature="launchDriver()[pri:0, instance:com.cicdcheck.cicdcheck.AppTest@f78a47e]" started-at="2022-12-28T04:50:36 IST" name="launchDriver" finished-at="2022-12-28T04:50:45 IST" duration-ms="8722" status="PASS">
          <reporter-output>
          </reporter-output>
        </test-method> <!-- launchDriver -->
        <test-method signature="Test2()[pri:0, instance:com.cicdcheck.cicdcheck.AppTest@f78a47e]" started-at="2022-12-28T04:50:45 IST" name="Test2" finished-at="2022-12-28T04:50:54 IST" duration-ms="9580" status="PASS">
          <reporter-output>
          </reporter-output>
        </test-method> <!-- Test2 -->
        <test-method is-config="true" signature="quit()[pri:0, instance:com.cicdcheck.cicdcheck.AppTest@f78a47e]" started-at="2022-12-28T04:50:54 IST" name="quit" finished-at="2022-12-28T04:50:55 IST" duration-ms="675" status="PASS">
          <reporter-output>
          </reporter-output>
        </test-method> <!-- quit -->
        <test-method is-config="true" signature="launchDriver()[pri:0, instance:com.cicdcheck.cicdcheck.AppTest@f78a47e]" started-at="2022-12-28T04:50:55 IST" name="launchDriver" finished-at="2022-12-28T04:51:01 IST" duration-ms="6287" status="PASS">
          <reporter-output>
          </reporter-output>
        </test-method> <!-- launchDriver -->
        <test-method signature="Test3()[pri:0, instance:com.cicdcheck.cicdcheck.AppTest@f78a47e]" started-at="2022-12-28T04:51:01 IST" name="Test3" finished-at="2022-12-28T04:51:13 IST" duration-ms="11918" status="PASS">
          <reporter-output>
          </reporter-output>
        </test-method> <!-- Test3 -->
        <test-method is-config="true" signature="quit()[pri:0, instance:com.cicdcheck.cicdcheck.AppTest@f78a47e]" started-at="2022-12-28T04:51:13 IST" name="quit" finished-at="2022-12-28T04:51:14 IST" duration-ms="775" status="PASS">
          <reporter-output>
          </reporter-output>
        </test-method> <!-- quit -->
      </class> <!-- com.cicdcheck.cicdcheck.AppTest -->
    </test> <!-- Test -->
  </suite> <!-- Suite -->
</testng-results>
